#
# There is insufficient memory for the Java Runtime Environment to continue.
# Native memory allocation (malloc) failed to allocate 311536 bytes for Chunk::new
# Possible reasons:
#   The system is out of physical RAM or swap space
#   The process is running with CompressedOops enabled, and the Java Heap may be blocking the growth of the native heap
# Possible solutions:
#   Reduce memory load on the system
#   Increase physical memory or swap space
#   Check if swap backing store is full
#   Decrease Java heap size (-Xmx/-Xms)
#   Decrease number of Java threads
#   Decrease Java thread stack sizes (-Xss)
#   Set larger code cache with -XX:ReservedCodeCacheSize=
#   JVM is running with Unscaled Compressed Oops mode in which the Java heap is
#     placed in the first 4GB address space. The Java Heap base address is the
#     maximum limit for the native heap growth. Please use -XX:HeapBaseMinAddress
#     to set the Java Heap base and to place the Java Heap above 4GB virtual address.
# This output file may be truncated or incomplete.
#
#  Out of Memory Error (arena.cpp:191), pid=7696, tid=11288
#
# JRE version: OpenJDK Runtime Environment Temurin-17.0.10+7 (17.0.10+7) (build 17.0.10+7)
# Java VM: OpenJDK 64-Bit Server VM Temurin-17.0.10+7 (17.0.10+7, mixed mode, tiered, compressed oops, compressed class ptrs, parallel gc, windows-amd64)
# No core dump will be written. Minidumps are not enabled by default on client versions of Windows
#

---------------  S U M M A R Y ------------

Command Line: --add-modules=ALL-SYSTEM --add-opens=java.base/java.util=ALL-UNNAMED --add-opens=java.base/java.lang=ALL-UNNAMED --add-opens=java.base/sun.nio.fs=ALL-UNNAMED -Declipse.application=org.eclipse.jdt.ls.core.id1 -Dosgi.bundles.defaultStartLevel=4 -Declipse.product=org.eclipse.jdt.ls.core.product -Djava.import.generatesMetadataFilesAtProjectRoot=false -DDetectVMInstallationsJob.disabled=true -Dfile.encoding=utf8 -XX:+UseParallelGC -XX:GCTimeRatio=4 -XX:AdaptiveSizePolicyWeight=90 -Dsun.zip.disableMemoryMapping=true -Xmx1G -Xms100m -Xlog:disable -javaagent:c:\Users\Administrator\.vscode\extensions\redhat.java-1.28.1-win32-x64\lombok\lombok-1.18.31.jar c:\Users\Administrator\.vscode\extensions\redhat.java-1.28.1-win32-x64\server\plugins\org.eclipse.equinox.launcher_1.6.700.v20231214-2017.jar -configuration c:\Users\Administrator\AppData\Roaming\Code\User\globalStorage\redhat.java\1.28.1\config_ss_win -data c:\Users\Administrator\AppData\Roaming\Code\User\workspaceStorage\71a2bcf90e529c1b5ab4b59c704b7c1e\redhat.java\ss_ws --stdio

Host: AMD Ryzen 7 5800H with Radeon Graphics         , 16 cores, 15G,  Windows 11 , 64 bit Build 22621 (10.0.22621.3085)
Time: Fri Mar 15 01:13:41 2024 Türkiye Standart Saati elapsed time: 1.258501 seconds (0d 0h 0m 1s)

---------------  T H R E A D  ---------------

Current thread (0x00000219ffabcf60):  JavaThread "C2 CompilerThread0" daemon [_thread_in_native, id=11288, stack(0x0000008bdf800000,0x0000008bdf900000)]


Current CompileTask:
C2:   1258 1906       4       java.io.DataInputStream::readUTF (501 bytes)

Stack: [0x0000008bdf800000,0x0000008bdf900000]
Native frames: (J=compiled Java code, j=interpreted, Vv=VM code, C=native code)
V  [jvm.dll+0x67d2c9]
V  [jvm.dll+0x834afa]
V  [jvm.dll+0x8365be]
V  [jvm.dll+0x836c23]
V  [jvm.dll+0x2477ff]
V  [jvm.dll+0xac514]
V  [jvm.dll+0xacb5c]
V  [jvm.dll+0x2aed1f]
V  [jvm.dll+0x584b67]
V  [jvm.dll+0x2228a2]
V  [jvm.dll+0x222c8f]
V  [jvm.dll+0x21bdb6]
V  [jvm.dll+0x219201]
V  [jvm.dll+0x1a502d]
V  [jvm.dll+0x2290de]
V  [jvm.dll+0x2272ac]
V  [jvm.dll+0x7e9bb7]
V  [jvm.dll+0x7e3fba]
V  [jvm.dll+0x67c1b5]
C  [ucrtbase.dll+0x29363]
C  [KERNEL32.DLL+0x1257d]
C  [ntdll.dll+0x5aa58]


---------------  P R O C E S S  ---------------

Threads class SMR info:
_java_thread_list=0x00000219916d0810, length=22, elements={
0x00000219f5a2ce20, 0x00000219fa8ad020, 0x00000219fa8aeb00, 0x00000219fa8bdc20,
0x00000219fa8be6f0, 0x00000219ffaab7d0, 0x00000219ffaac840, 0x00000219ffabcf60,
0x00000219ffabf930, 0x00000219ffad0a00, 0x00000219f5a8ff00, 0x00000219ffb73b30,
0x00000219ffb74a70, 0x00000219ffc8bca0, 0x0000021990bd1010, 0x0000021990c1cbe0,
0x0000021990d983d0, 0x00000219916cc000, 0x00000219918a8120, 0x00000219918a9010,
0x0000021991627830, 0x000002199153a660
}

Java Threads: ( => current thread )
  0x00000219f5a2ce20 JavaThread "main" [_thread_blocked, id=23208, stack(0x0000008bdef00000,0x0000008bdf000000)]
  0x00000219fa8ad020 JavaThread "Reference Handler" daemon [_thread_blocked, id=10116, stack(0x0000008bdf200000,0x0000008bdf300000)]
  0x00000219fa8aeb00 JavaThread "Finalizer" daemon [_thread_blocked, id=21152, stack(0x0000008bdf300000,0x0000008bdf400000)]
  0x00000219fa8bdc20 JavaThread "Signal Dispatcher" daemon [_thread_blocked, id=13212, stack(0x0000008bdf400000,0x0000008bdf500000)]
  0x00000219fa8be6f0 JavaThread "Attach Listener" daemon [_thread_blocked, id=19568, stack(0x0000008bdf500000,0x0000008bdf600000)]
  0x00000219ffaab7d0 JavaThread "Service Thread" daemon [_thread_blocked, id=23204, stack(0x0000008bdf600000,0x0000008bdf700000)]
  0x00000219ffaac840 JavaThread "Monitor Deflation Thread" daemon [_thread_blocked, id=5952, stack(0x0000008bdf700000,0x0000008bdf800000)]
=>0x00000219ffabcf60 JavaThread "C2 CompilerThread0" daemon [_thread_in_native, id=11288, stack(0x0000008bdf800000,0x0000008bdf900000)]
  0x00000219ffabf930 JavaThread "C1 CompilerThread0" daemon [_thread_blocked, id=5760, stack(0x0000008bdf900000,0x0000008bdfa00000)]
  0x00000219ffad0a00 JavaThread "Sweeper thread" daemon [_thread_blocked, id=24288, stack(0x0000008bdfa00000,0x0000008bdfb00000)]
  0x00000219f5a8ff00 JavaThread "Common-Cleaner" daemon [_thread_blocked, id=16136, stack(0x0000008bdfb00000,0x0000008bdfc00000)]
  0x00000219ffb73b30 JavaThread "C1 CompilerThread1" daemon [_thread_blocked, id=15828, stack(0x0000008bdfc00000,0x0000008bdfd00000)]
  0x00000219ffb74a70 JavaThread "C1 CompilerThread2" daemon [_thread_blocked, id=7732, stack(0x0000008bdfd00000,0x0000008bdfe00000)]
  0x00000219ffc8bca0 JavaThread "C2 CompilerThread1" daemon [_thread_blocked, id=21756, stack(0x0000008bdfe00000,0x0000008bdff00000)]
  0x0000021990bd1010 JavaThread "C1 CompilerThread3" daemon [_thread_blocked, id=22072, stack(0x0000008bdff00000,0x0000008be0000000)]
  0x0000021990c1cbe0 JavaThread "Notification Thread" daemon [_thread_blocked, id=7956, stack(0x0000008be0000000,0x0000008be0100000)]
  0x0000021990d983d0 JavaThread "C2 CompilerThread2" daemon [_thread_blocked, id=20552, stack(0x0000008be0200000,0x0000008be0300000)]
  0x00000219916cc000 JavaThread "Active Thread: Equinox Container: 3f62c683-da37-45b4-996b-7208186da764" [_thread_blocked, id=14904, stack(0x0000008be0900000,0x0000008be0a00000)]
  0x00000219918a8120 JavaThread "Framework Event Dispatcher: Equinox Container: 3f62c683-da37-45b4-996b-7208186da764" daemon [_thread_blocked, id=9080, stack(0x0000008be0a00000,0x0000008be0b00000)]
  0x00000219918a9010 JavaThread "Start Level: Equinox Container: 3f62c683-da37-45b4-996b-7208186da764" daemon [_thread_in_vm, id=9204, stack(0x0000008be0b00000,0x0000008be0c00000)]
  0x0000021991627830 JavaThread "SCR Component Actor" daemon [_thread_blocked, id=1496, stack(0x0000008be0c00000,0x0000008be0d00000)]
  0x000002199153a660 JavaThread "SCR Component Registry" daemon [_thread_blocked, id=12184, stack(0x0000008be0f00000,0x0000008be1000000)]

Other Threads:
  0x00000219ffa745f0 VMThread "VM Thread" [stack: 0x0000008bdf100000,0x0000008bdf200000] [id=3284]
  0x0000021990c1b710 WatcherThread [stack: 0x0000008be0100000,0x0000008be0200000] [id=11940]
  0x00000219f5a3b710 GCTaskThread "GC Thread#0" [stack: 0x0000008bdf000000,0x0000008bdf100000] [id=12108]
  0x0000021991207930 GCTaskThread "GC Thread#1" [stack: 0x0000008be0400000,0x0000008be0500000] [id=2432]
  0x0000021991214810 GCTaskThread "GC Thread#2" [stack: 0x0000008be0500000,0x0000008be0600000] [id=11488]
  0x0000021991491ec0 GCTaskThread "GC Thread#3" [stack: 0x0000008be0600000,0x0000008be0700000] [id=24344]
  0x0000021991208c80 GCTaskThread "GC Thread#4" [stack: 0x0000008be0700000,0x0000008be0800000] [id=21724]
  0x00000219912055f0 GCTaskThread "GC Thread#5" [stack: 0x0000008be0800000,0x0000008be0900000] [id=22192]
  0x000002199186b8c0 GCTaskThread "GC Thread#6" [stack: 0x0000008be0d00000,0x0000008be0e00000] [id=5916]
  0x000002199186a840 GCTaskThread "GC Thread#7" [stack: 0x0000008be0e00000,0x0000008be0f00000] [id=17328]

Threads with active compile tasks:
C2 CompilerThread0     1272 1906       4       java.io.DataInputStream::readUTF (501 bytes)

VM state: not at safepoint (normal execution)

VM Mutex/Monitor currently owned by a thread: None

Heap address: 0x00000000c0000000, size: 1024 MB, Compressed Oops mode: 32-bit

CDS archive(s) not mapped
Compressed class space mapped at: 0x0000000100000000-0x0000000140000000, reserved size: 1073741824
Narrow klass base: 0x0000000000000000, Narrow klass shift: 3, Narrow klass range: 0x140000000

GC Precious Log:
 CPUs: 16 total, 16 available
 Memory: 15774M
 Large Page Support: Disabled
 NUMA Support: Disabled
 Compressed Oops: Enabled (32-bit)
 Alignments: Space 512K, Generation 512K, Heap 2M
 Heap Min Capacity: 100M
 Heap Initial Capacity: 100M
 Heap Max Capacity: 1G
 Pre-touch: Disabled
 Parallel Workers: 13

Heap:
 PSYoungGen      total 29696K, used 18339K [0x00000000eab00000, 0x00000000ecc00000, 0x0000000100000000)
  eden space 25600K, 55% used [0x00000000eab00000,0x00000000eb8ee4c0,0x00000000ec400000)
  from space 4096K, 99% used [0x00000000ec800000,0x00000000ecbfa970,0x00000000ecc00000)
  to   space 4096K, 0% used [0x00000000ec400000,0x00000000ec400000,0x00000000ec800000)
 ParOldGen       total 68608K, used 718K [0x00000000c0000000, 0x00000000c4300000, 0x00000000eab00000)
  object space 68608K, 1% used [0x00000000c0000000,0x00000000c00b3830,0x00000000c4300000)
 Metaspace       used 17288K, committed 17536K, reserved 1114112K
  class space    used 1772K, committed 1856K, reserved 1048576K

Card table byte_map: [0x00000219f53c0000,0x00000219f55d0000] _byte_map_base: 0x00000219f4dc0000

Marking Bits: (ParMarkBitMap*) 0x00007ffa2d2fd7d0
 Begin Bits: [0x00000219f86c0000, 0x00000219f96c0000)
 End Bits:   [0x00000219f96c0000, 0x00000219fa6c0000)

Polling page: 0x00000219f39f0000

Metaspace:

Usage:
  Non-class:     15.15 MB used.
      Class:      1.73 MB used.
       Both:     16.89 MB used.

Virtual space:
  Non-class space:       64.00 MB reserved,      15.31 MB ( 24%) committed,  1 nodes.
      Class space:        1.00 GB reserved,       1.81 MB ( <1%) committed,  1 nodes.
             Both:        1.06 GB reserved,      17.12 MB (  2%) committed. 

Chunk freelists:
   Non-Class:  736.00 KB
       Class:  14.19 MB
        Both:  14.91 MB

MaxMetaspaceSize: unlimited
CompressedClassSpaceSize: 1.00 GB
Initial GC threshold: 21.00 MB
Current GC threshold: 21.00 MB
CDS: off
MetaspaceReclaimPolicy: balanced
 - commit_granule_bytes: 65536.
 - commit_granule_words: 8192.
 - virtual_space_node_default_size: 8388608.
 - enlarge_chunks_in_place: 1.
 - new_chunks_are_fully_committed: 0.
 - uncommit_free_chunks: 1.
 - use_allocation_guard: 0.
 - handle_deallocations: 1.


Internal statistics:

num_allocs_failed_limit: 0.
num_arena_births: 140.
num_arena_deaths: 0.
num_vsnodes_births: 2.
num_vsnodes_deaths: 0.
num_space_committed: 274.
num_space_uncommitted: 0.
num_chunks_returned_to_freelist: 0.
num_chunks_taken_from_freelist: 454.
num_chunk_merges: 0.
num_chunk_splits: 297.
num_chunks_enlarged: 216.
num_inconsistent_stats: 0.

CodeHeap 'non-profiled nmethods': size=119168Kb used=782Kb max_used=782Kb free=118385Kb
 bounds [0x0000021987ba0000, 0x0000021987e10000, 0x000002198f000000]
CodeHeap 'profiled nmethods': size=119104Kb used=3690Kb max_used=3690Kb free=115413Kb
 bounds [0x0000021980000000, 0x00000219803a0000, 0x0000021987450000]
CodeHeap 'non-nmethods': size=7488Kb used=2863Kb max_used=2881Kb free=4625Kb
 bounds [0x0000021987450000, 0x0000021987730000, 0x0000021987ba0000]
 total_blobs=2418 nmethods=1945 adapters=384
 compilation: enabled
              stopped_count=0, restarted_count=0
 full_count=0

Compilation events (20 events):
Event: 1.246 Thread 0x0000021990d983d0 1902       4       java.lang.StringLatin1::compareTo (52 bytes)
Event: 1.246 Thread 0x00000219ffabf930 nmethod 1900 0x0000021980386e10 code [0x00000219803870c0, 0x0000021980387fa8]
Event: 1.246 Thread 0x00000219ffabf930 1903       3       java.util.TreeMap::setColor (10 bytes)
Event: 1.246 Thread 0x00000219ffabf930 nmethod 1903 0x0000021980388490 code [0x0000021980388620, 0x0000021980388758]
Event: 1.248 Thread 0x0000021990d983d0 nmethod 1902 0x0000021987c5ee90 code [0x0000021987c5f000, 0x0000021987c5f198]
Event: 1.249 Thread 0x00000219ffc8bca0 1904       4       java.io.DataInputStream::readInt (68 bytes)
Event: 1.249 Thread 0x00000219ffb73b30 1905       3       org.eclipse.core.internal.registry.BufferedRandomInputStream::read (41 bytes)
Event: 1.249 Thread 0x00000219ffabcf60 1906       4       java.io.DataInputStream::readUTF (501 bytes)
Event: 1.249 Thread 0x00000219ffb73b30 nmethod 1905 0x0000021980388810 code [0x00000219803889c0, 0x0000021980388be8]
Event: 1.250 Thread 0x00000219ffb73b30 1907       3       jdk.internal.org.objectweb.asm.Type::getReturnTypeOffset (64 bytes)
Event: 1.251 Thread 0x00000219ffb74a70 1908       3       java.lang.invoke.InvokerBytecodeGenerator::emitReferenceCast (185 bytes)
Event: 1.251 Thread 0x00000219ffb73b30 nmethod 1907 0x0000021980388d10 code [0x0000021980389040, 0x000002198038a418]
Event: 1.251 Thread 0x0000021990d983d0 1909       4       java.lang.invoke.MemberName::getReferenceKind (12 bytes)
Event: 1.251 Thread 0x0000021990bd1010 1910       3       java.lang.reflect.Modifier::isPrivate (12 bytes)
Event: 1.251 Thread 0x0000021990bd1010 nmethod 1910 0x000002198038be10 code [0x000002198038bfa0, 0x000002198038c0f8]
Event: 1.251 Thread 0x00000219ffb74a70 nmethod 1908 0x000002198038ab90 code [0x000002198038ae40, 0x000002198038ba88]
Event: 1.252 Thread 0x0000021990d983d0 nmethod 1909 0x0000021987c5f290 code [0x0000021987c5f400, 0x0000021987c5f478]
Event: 1.254 Thread 0x0000021990d983d0 1911       4       java.lang.ref.Reference::refersToImpl (6 bytes)
Event: 1.254 Thread 0x0000021990d983d0 nmethod 1911 0x0000021987c5f590 code [0x0000021987c5f700, 0x0000021987c5f798]
Event: 1.256 Thread 0x00000219ffc8bca0 nmethod 1904 0x0000021987c5f890 code [0x0000021987c5faa0, 0x0000021987c60d40]

GC Heap History (4 events):
Event: 0.728 GC heap before
{Heap before GC invocations=1 (full 0):
 PSYoungGen      total 29696K, used 25600K [0x00000000eab00000, 0x00000000ecc00000, 0x0000000100000000)
  eden space 25600K, 100% used [0x00000000eab00000,0x00000000ec400000,0x00000000ec400000)
  from space 4096K, 0% used [0x00000000ec800000,0x00000000ec800000,0x00000000ecc00000)
  to   space 4096K, 0% used [0x00000000ec400000,0x00000000ec400000,0x00000000ec800000)
 ParOldGen       total 68608K, used 0K [0x00000000c0000000, 0x00000000c4300000, 0x00000000eab00000)
  object space 68608K, 0% used [0x00000000c0000000,0x00000000c0000000,0x00000000c4300000)
 Metaspace       used 10614K, committed 10752K, reserved 1114112K
  class space    used 1056K, committed 1152K, reserved 1048576K
}
Event: 0.735 GC heap after
{Heap after GC invocations=1 (full 0):
 PSYoungGen      total 29696K, used 3108K [0x00000000eab00000, 0x00000000ecc00000, 0x0000000100000000)
  eden space 25600K, 0% used [0x00000000eab00000,0x00000000eab00000,0x00000000ec400000)
  from space 4096K, 75% used [0x00000000ec400000,0x00000000ec709140,0x00000000ec800000)
  to   space 4096K, 0% used [0x00000000ec800000,0x00000000ec800000,0x00000000ecc00000)
 ParOldGen       total 68608K, used 16K [0x00000000c0000000, 0x00000000c4300000, 0x00000000eab00000)
  object space 68608K, 0% used [0x00000000c0000000,0x00000000c0004000,0x00000000c4300000)
 Metaspace       used 10614K, committed 10752K, reserved 1114112K
  class space    used 1056K, committed 1152K, reserved 1048576K
}
Event: 1.106 GC heap before
{Heap before GC invocations=2 (full 0):
 PSYoungGen      total 29696K, used 28708K [0x00000000eab00000, 0x00000000ecc00000, 0x0000000100000000)
  eden space 25600K, 100% used [0x00000000eab00000,0x00000000ec400000,0x00000000ec400000)
  from space 4096K, 75% used [0x00000000ec400000,0x00000000ec709140,0x00000000ec800000)
  to   space 4096K, 0% used [0x00000000ec800000,0x00000000ec800000,0x00000000ecc00000)
 ParOldGen       total 68608K, used 16K [0x00000000c0000000, 0x00000000c4300000, 0x00000000eab00000)
  object space 68608K, 0% used [0x00000000c0000000,0x00000000c0004000,0x00000000c4300000)
 Metaspace       used 14480K, committed 14720K, reserved 1114112K
  class space    used 1445K, committed 1536K, reserved 1048576K
}
Event: 1.111 GC heap after
{Heap after GC invocations=2 (full 0):
 PSYoungGen      total 29696K, used 4074K [0x00000000eab00000, 0x00000000ecc00000, 0x0000000100000000)
  eden space 25600K, 0% used [0x00000000eab00000,0x00000000eab00000,0x00000000ec400000)
  from space 4096K, 99% used [0x00000000ec800000,0x00000000ecbfa970,0x00000000ecc00000)
  to   space 4096K, 0% used [0x00000000ec400000,0x00000000ec400000,0x00000000ec800000)
 ParOldGen       total 68608K, used 718K [0x00000000c0000000, 0x00000000c4300000, 0x00000000eab00000)
  object space 68608K, 1% used [0x00000000c0000000,0x00000000c00b3830,0x00000000c4300000)
 Metaspace       used 14480K, committed 14720K, reserved 1114112K
  class space    used 1445K, committed 1536K, reserved 1048576K
}

Dll operation events (9 events):
Event: 0.009 Loaded shared library c:\Users\Administrator\.vscode\extensions\redhat.java-1.28.1-win32-x64\jre\17.0.10-win32-x86_64\bin\java.dll
Event: 0.166 Loaded shared library c:\Users\Administrator\.vscode\extensions\redhat.java-1.28.1-win32-x64\jre\17.0.10-win32-x86_64\bin\zip.dll
Event: 0.170 Loaded shared library C:\Users\Administrator\.vscode\extensions\redhat.java-1.28.1-win32-x64\jre\17.0.10-win32-x86_64\bin\instrument.dll
Event: 0.180 Loaded shared library C:\Users\Administrator\.vscode\extensions\redhat.java-1.28.1-win32-x64\jre\17.0.10-win32-x86_64\bin\net.dll
Event: 0.181 Loaded shared library C:\Users\Administrator\.vscode\extensions\redhat.java-1.28.1-win32-x64\jre\17.0.10-win32-x86_64\bin\nio.dll
Event: 0.186 Loaded shared library C:\Users\Administrator\.vscode\extensions\redhat.java-1.28.1-win32-x64\jre\17.0.10-win32-x86_64\bin\zip.dll
Event: 0.201 Loaded shared library C:\Users\Administrator\.vscode\extensions\redhat.java-1.28.1-win32-x64\jre\17.0.10-win32-x86_64\bin\jimage.dll
Event: 0.265 Loaded shared library c:\Users\Administrator\.vscode\extensions\redhat.java-1.28.1-win32-x64\jre\17.0.10-win32-x86_64\bin\verify.dll
Event: 1.056 Loaded shared library C:\Users\Administrator\AppData\Roaming\Code\User\globalStorage\redhat.java\1.28.1\config_ss_win\org.eclipse.equinox.launcher\org.eclipse.equinox.launcher.win32.win32.x86_64_1.2.900.v20240129-1338\eclipse_11900.dll

Deoptimization events (20 events):
Event: 1.248 Thread 0x00000219918a9010 Uncommon trap: trap_request=0xffffffde fr.pc=0x0000021987c13d40 relative=0x00000000000011e0
Event: 1.248 Thread 0x00000219918a9010 Uncommon trap: reason=class_check action=maybe_recompile pc=0x0000021987c13d40 method=java.io.DataInputStream.readFully([BII)V @ 30 c2
Event: 1.248 Thread 0x00000219918a9010 DEOPT PACKING pc=0x0000021987c13d40 sp=0x0000008be0bfb8a0
Event: 1.248 Thread 0x00000219918a9010 DEOPT UNPACKING pc=0x00000219874a66a3 sp=0x0000008be0bfb7e8 mode 2
Event: 1.249 Thread 0x00000219918a9010 Uncommon trap: trap_request=0xffffffde fr.pc=0x0000021987c0ab34 relative=0x0000000000000294
Event: 1.249 Thread 0x00000219918a9010 Uncommon trap: reason=class_check action=maybe_recompile pc=0x0000021987c0ab34 method=java.io.DataInputStream.readUnsignedByte()I @ 4 c2
Event: 1.249 Thread 0x00000219918a9010 DEOPT PACKING pc=0x0000021987c0ab34 sp=0x0000008be0bfb9e0
Event: 1.249 Thread 0x00000219918a9010 DEOPT UNPACKING pc=0x00000219874a66a3 sp=0x0000008be0bfb938 mode 2
Event: 1.249 Thread 0x00000219918a9010 Uncommon trap: trap_request=0xffffffde fr.pc=0x0000021987c0ab34 relative=0x0000000000000294
Event: 1.249 Thread 0x00000219918a9010 Uncommon trap: reason=class_check action=maybe_recompile pc=0x0000021987c0ab34 method=java.io.DataInputStream.readUnsignedByte()I @ 4 c2
Event: 1.249 Thread 0x00000219918a9010 DEOPT PACKING pc=0x0000021987c0ab34 sp=0x0000008be0bfb9e0
Event: 1.249 Thread 0x00000219918a9010 DEOPT UNPACKING pc=0x00000219874a66a3 sp=0x0000008be0bfb938 mode 2
Event: 1.249 Thread 0x00000219918a9010 Uncommon trap: trap_request=0xffffffde fr.pc=0x0000021987c13d40 relative=0x00000000000011e0
Event: 1.249 Thread 0x00000219918a9010 Uncommon trap: reason=class_check action=maybe_recompile pc=0x0000021987c13d40 method=java.io.DataInputStream.readFully([BII)V @ 30 c2
Event: 1.249 Thread 0x00000219918a9010 DEOPT PACKING pc=0x0000021987c13d40 sp=0x0000008be0bfb8a0
Event: 1.249 Thread 0x00000219918a9010 DEOPT UNPACKING pc=0x00000219874a66a3 sp=0x0000008be0bfb7e8 mode 2
Event: 1.249 Thread 0x00000219918a9010 Uncommon trap: trap_request=0xffffffde fr.pc=0x0000021987c13d40 relative=0x00000000000011e0
Event: 1.249 Thread 0x00000219918a9010 Uncommon trap: reason=class_check action=maybe_recompile pc=0x0000021987c13d40 method=java.io.DataInputStream.readFully([BII)V @ 30 c2
Event: 1.249 Thread 0x00000219918a9010 DEOPT PACKING pc=0x0000021987c13d40 sp=0x0000008be0bfb8a0
Event: 1.249 Thread 0x00000219918a9010 DEOPT UNPACKING pc=0x00000219874a66a3 sp=0x0000008be0bfb7e8 mode 2

Classes unloaded (0 events):
No events

Classes redefined (0 events):
No events

Internal exceptions (20 events):
Event: 0.693 Thread 0x00000219f5a2ce20 Exception <a 'java/lang/ClassNotFoundException'{0x00000000ec290c88}: sun/net/www/protocol/c/Handler> (0x00000000ec290c88) 
thrown [s\src\hotspot\share\classfile\systemDictionary.cpp, line 256]
Event: 0.693 Thread 0x00000219f5a2ce20 Exception <a 'java/lang/ClassNotFoundException'{0x00000000ec291e78}: sun/net/www/protocol/c/Handler> (0x00000000ec291e78) 
thrown [s\src\hotspot\share\classfile\systemDictionary.cpp, line 256]
Event: 0.699 Thread 0x00000219f5a2ce20 Exception <a 'java/io/FileNotFoundException'{0x00000000ec2b5758}> (0x00000000ec2b5758) 
thrown [s\src\hotspot\share\prims\jni.cpp, line 516]
Event: 0.724 Thread 0x00000219f5a2ce20 Implicit null exception at 0x0000021987beb93b to 0x0000021987bec240
Event: 0.725 Thread 0x00000219f5a2ce20 Implicit null exception at 0x0000021987bf0a6c to 0x0000021987bf0c48
Event: 0.725 Thread 0x00000219f5a2ce20 Implicit null exception at 0x0000021987bf03ec to 0x0000021987bf05d0
Event: 0.725 Thread 0x00000219f5a2ce20 Implicit null exception at 0x0000021987be7e8f to 0x0000021987be7f05
Event: 0.768 Thread 0x00000219f5a2ce20 Exception <a 'java/lang/NoSuchMethodError'{0x00000000ead49d88}: 'int java.lang.invoke.DirectMethodHandle$Holder.invokeStaticInit(java.lang.Object, java.lang.Object, java.lang.Object, java.lang.Object)'> (0x00000000ead49d88) 
thrown [s\src\hotspot\share\interpreter\linkResolver.cpp, line 759]
Event: 0.769 Thread 0x00000219f5a2ce20 Exception <a 'java/lang/NoSuchMethodError'{0x00000000ead54500}: 'java.lang.Object java.lang.invoke.DirectMethodHandle$Holder.invokeInterface(java.lang.Object, java.lang.Object)'> (0x00000000ead54500) 
thrown [s\src\hotspot\share\interpreter\linkResolver.cpp, line 759]
Event: 0.769 Thread 0x00000219f5a2ce20 Exception <a 'java/lang/IncompatibleClassChangeError'{0x00000000ead57f40}: Found class java.lang.Object, but interface was expected> (0x00000000ead57f40) 
thrown [s\src\hotspot\share\interpreter\linkResolver.cpp, line 826]
Event: 0.770 Thread 0x00000219f5a2ce20 Exception <a 'java/lang/NoSuchMethodError'{0x00000000ead5c430}: 'void java.lang.invoke.DirectMethodHandle$Holder.invokeStatic(java.lang.Object, java.lang.Object)'> (0x00000000ead5c430) 
thrown [s\src\hotspot\share\interpreter\linkResolver.cpp, line 759]
Event: 0.770 Thread 0x00000219f5a2ce20 Exception <a 'java/lang/NoSuchMethodError'{0x00000000ead5fc30}: 'void java.lang.invoke.DirectMethodHandle$Holder.invokeStaticInit(java.lang.Object, java.lang.Object)'> (0x00000000ead5fc30) 
thrown [s\src\hotspot\share\interpreter\linkResolver.cpp, line 759]
Event: 0.771 Thread 0x00000219f5a2ce20 Exception <a 'java/lang/NoSuchMethodError'{0x00000000ead67180}: 'int java.lang.invoke.DirectMethodHandle$Holder.invokeStaticInit(java.lang.Object, java.lang.Object)'> (0x00000000ead67180) 
thrown [s\src\hotspot\share\interpreter\linkResolver.cpp, line 759]
Event: 0.797 Thread 0x00000219f5a2ce20 Exception <a 'java/lang/NoSuchMethodError'{0x00000000eae92de8}: 'void java.lang.invoke.DirectMethodHandle$Holder.invokeSpecial(java.lang.Object, java.lang.Object, java.lang.Object)'> (0x00000000eae92de8) 
thrown [s\src\hotspot\share\interpreter\linkResolver.cpp, line 759]
Event: 0.964 Thread 0x00000219f5a2ce20 Exception <a 'java/lang/NoSuchMethodError'{0x00000000ebb332a0}: 'java.lang.Object java.lang.invoke.DirectMethodHandle$Holder.newInvokeSpecial(java.lang.Object, int, java.lang.Object)'> (0x00000000ebb332a0) 
thrown [s\src\hotspot\share\interpreter\linkResolver.cpp, line 759]
Event: 1.053 Thread 0x00000219f5a2ce20 Exception <a 'java/lang/UnsatisfiedLinkError'{0x00000000ec09e6e0}: 'void org.eclipse.equinox.launcher.JNIBridge._update_splash()'> (0x00000000ec09e6e0) 
thrown [s\src\hotspot\share\prims\nativeLookup.cpp, line 543]
Event: 1.090 Thread 0x00000219918a9010 Exception <a 'java/lang/NoSuchMethodError'{0x00000000ec351d90}: 'java.lang.Object java.lang.invoke.DirectMethodHandle$Holder.invokeStaticInit(java.lang.Object)'> (0x00000000ec351d90) 
thrown [s\src\hotspot\share\interpreter\linkResolver.cpp, line 759]
Event: 1.125 Thread 0x00000219918a9010 Exception <a 'java/lang/NullPointerException'{0x00000000eac29c20}> (0x00000000eac29c20) 
thrown [s\src\hotspot\share\interpreter\linkResolver.cpp, line 1350]
Event: 1.125 Thread 0x00000219918a9010 Exception <a 'java/lang/NullPointerException'{0x00000000eac29ef8}> (0x00000000eac29ef8) 
thrown [s\src\hotspot\share\interpreter\linkResolver.cpp, line 1350]
Event: 1.242 Thread 0x00000219918a9010 Exception <a 'java/io/FileNotFoundException'{0x00000000eb74d1b8}> (0x00000000eb74d1b8) 
thrown [s\src\hotspot\share\prims\jni.cpp, line 516]

VM Operations (20 events):
Event: 0.667 Executing VM operation: ICBufferFull
Event: 0.667 Executing VM operation: ICBufferFull done
Event: 0.675 Executing VM operation: HandshakeAllThreads
Event: 0.675 Executing VM operation: HandshakeAllThreads done
Event: 0.728 Executing VM operation: ParallelGCFailedAllocation
Event: 0.735 Executing VM operation: ParallelGCFailedAllocation done
Event: 0.948 Executing VM operation: HandshakeAllThreads
Event: 0.948 Executing VM operation: HandshakeAllThreads done
Event: 0.949 Executing VM operation: HandshakeAllThreads
Event: 0.949 Executing VM operation: HandshakeAllThreads done
Event: 0.953 Executing VM operation: HandshakeAllThreads
Event: 0.953 Executing VM operation: HandshakeAllThreads done
Event: 0.961 Executing VM operation: HandshakeAllThreads
Event: 0.961 Executing VM operation: HandshakeAllThreads done
Event: 0.999 Executing VM operation: ICBufferFull
Event: 0.999 Executing VM operation: ICBufferFull done
Event: 1.106 Executing VM operation: ParallelGCFailedAllocation
Event: 1.111 Executing VM operation: ParallelGCFailedAllocation done
Event: 1.122 Executing VM operation: HandshakeAllThreads
Event: 1.122 Executing VM operation: HandshakeAllThreads done

Events (20 events):
Event: 1.176 loading class java/util/Timer
Event: 1.176 loading class java/util/Timer done
Event: 1.176 loading class java/util/TaskQueue
Event: 1.176 loading class java/util/TaskQueue done
Event: 1.176 loading class java/util/TimerThread
Event: 1.177 loading class java/util/TimerThread done
Event: 1.177 loading class java/util/Timer$ThreadReaper
Event: 1.177 loading class java/util/Timer$ThreadReaper done
Event: 1.177 Thread 0x000002199153a660 Thread added: 0x000002199153a660
Event: 1.184 loading class java/util/concurrent/locks/ReentrantLock$FairSync
Event: 1.185 loading class java/util/concurrent/locks/ReentrantLock$FairSync done
Event: 1.186 loading class java/util/Collections$ReverseComparator
Event: 1.186 loading class java/util/Collections$ReverseComparator done
Event: 1.207 Thread 0x0000021991281e70 Thread exited: 0x0000021991281e70
Event: 1.216 loading class java/lang/CloneNotSupportedException
Event: 1.216 loading class java/lang/CloneNotSupportedException done
Event: 1.226 loading class java/util/TreeMap$Values
Event: 1.226 loading class java/util/TreeMap$Values done
Event: 1.226 loading class java/util/TreeMap$ValueIterator
Event: 1.226 loading class java/util/TreeMap$ValueIterator done


Dynamic libraries:
0x00007ff62d270000 - 0x00007ff62d27e000 	c:\Users\Administrator\.vscode\extensions\redhat.java-1.28.1-win32-x64\jre\17.0.10-win32-x86_64\bin\java.exe
0x00007ffadbb90000 - 0x00007ffadbda7000 	C:\WINDOWS\SYSTEM32\ntdll.dll
0x00007ffada380000 - 0x00007ffada444000 	C:\WINDOWS\System32\KERNEL32.DLL
0x00007ffad90e0000 - 0x00007ffad9486000 	C:\WINDOWS\System32\KERNELBASE.dll
0x00007ffad8f40000 - 0x00007ffad9051000 	C:\WINDOWS\System32\ucrtbase.dll
0x00007ffabcea0000 - 0x00007ffabcebb000 	c:\Users\Administrator\.vscode\extensions\redhat.java-1.28.1-win32-x64\jre\17.0.10-win32-x86_64\bin\VCRUNTIME140.dll
0x00007ffabb980000 - 0x00007ffabb997000 	c:\Users\Administrator\.vscode\extensions\redhat.java-1.28.1-win32-x64\jre\17.0.10-win32-x86_64\bin\jli.dll
0x00007ffadb010000 - 0x00007ffadb1be000 	C:\WINDOWS\System32\USER32.dll
0x00007ffac14c0000 - 0x00007ffac1753000 	C:\WINDOWS\WinSxS\amd64_microsoft.windows.common-controls_6595b64144ccf1df_6.0.22621.2506_none_270c5ae97388e100\COMCTL32.dll
0x00007ffad95b0000 - 0x00007ffad95d6000 	C:\WINDOWS\System32\win32u.dll
0x00007ffada1f0000 - 0x00007ffada297000 	C:\WINDOWS\System32\msvcrt.dll
0x00007ffada510000 - 0x00007ffada539000 	C:\WINDOWS\System32\GDI32.dll
0x00007ffad9490000 - 0x00007ffad95a8000 	C:\WINDOWS\System32\gdi32full.dll
0x00007ffad9840000 - 0x00007ffad98da000 	C:\WINDOWS\System32\msvcp_win.dll
0x00007ffad98f0000 - 0x00007ffad9921000 	C:\WINDOWS\System32\IMM32.DLL
0x00007ffac5fc0000 - 0x00007ffac5fcc000 	c:\Users\Administrator\.vscode\extensions\redhat.java-1.28.1-win32-x64\jre\17.0.10-win32-x86_64\bin\vcruntime140_1.dll
0x00007ffa7bb50000 - 0x00007ffa7bbdd000 	c:\Users\Administrator\.vscode\extensions\redhat.java-1.28.1-win32-x64\jre\17.0.10-win32-x86_64\bin\msvcp140.dll
0x00007ffa2c760000 - 0x00007ffa2d3c2000 	c:\Users\Administrator\.vscode\extensions\redhat.java-1.28.1-win32-x64\jre\17.0.10-win32-x86_64\bin\server\jvm.dll
0x00007ffada450000 - 0x00007ffada503000 	C:\WINDOWS\System32\ADVAPI32.dll
0x00007ffadab50000 - 0x00007ffadabf8000 	C:\WINDOWS\System32\sechost.dll
0x00007ffad95e0000 - 0x00007ffad9608000 	C:\WINDOWS\System32\bcrypt.dll
0x00007ffadb340000 - 0x00007ffadb457000 	C:\WINDOWS\System32\RPCRT4.dll
0x00007ffad8cf0000 - 0x00007ffad8d3d000 	C:\WINDOWS\SYSTEM32\POWRPROF.dll
0x00007ffac1970000 - 0x00007ffac1979000 	C:\WINDOWS\SYSTEM32\WSOCK32.dll
0x00007ffad0cc0000 - 0x00007ffad0cf4000 	C:\WINDOWS\SYSTEM32\WINMM.dll
0x00007ffadaf90000 - 0x00007ffadb001000 	C:\WINDOWS\System32\WS2_32.dll
0x00007fface130000 - 0x00007fface13a000 	C:\WINDOWS\SYSTEM32\VERSION.dll
0x00007ffad8bd0000 - 0x00007ffad8be3000 	C:\WINDOWS\SYSTEM32\UMPDC.dll
0x00007ffad7f40000 - 0x00007ffad7f58000 	C:\WINDOWS\SYSTEM32\kernel.appcore.dll
0x00007ffac4940000 - 0x00007ffac494a000 	c:\Users\Administrator\.vscode\extensions\redhat.java-1.28.1-win32-x64\jre\17.0.10-win32-x86_64\bin\jimage.dll
0x00007ffad69c0000 - 0x00007ffad6bf3000 	C:\WINDOWS\SYSTEM32\DBGHELP.DLL
0x00007ffada540000 - 0x00007ffada8c9000 	C:\WINDOWS\System32\combase.dll
0x00007ffada2a0000 - 0x00007ffada377000 	C:\WINDOWS\System32\OLEAUT32.dll
0x00007fface0f0000 - 0x00007fface122000 	C:\WINDOWS\SYSTEM32\dbgcore.DLL
0x00007ffad9060000 - 0x00007ffad90da000 	C:\WINDOWS\System32\bcryptPrimitives.dll
0x00007ffabf590000 - 0x00007ffabf59e000 	c:\Users\Administrator\.vscode\extensions\redhat.java-1.28.1-win32-x64\jre\17.0.10-win32-x86_64\bin\instrument.dll
0x00007ffaa96c0000 - 0x00007ffaa96e5000 	c:\Users\Administrator\.vscode\extensions\redhat.java-1.28.1-win32-x64\jre\17.0.10-win32-x86_64\bin\java.dll
0x00007ffaba900000 - 0x00007ffaba918000 	c:\Users\Administrator\.vscode\extensions\redhat.java-1.28.1-win32-x64\jre\17.0.10-win32-x86_64\bin\zip.dll
0x00007ffad9930000 - 0x00007ffada18b000 	C:\WINDOWS\System32\SHELL32.dll
0x00007ffad6de0000 - 0x00007ffad76d6000 	C:\WINDOWS\SYSTEM32\windows.storage.dll
0x00007ffad6c90000 - 0x00007ffad6dce000 	C:\WINDOWS\SYSTEM32\wintypes.dll
0x00007ffadb240000 - 0x00007ffadb333000 	C:\WINDOWS\System32\SHCORE.dll
0x00007ffadac00000 - 0x00007ffadac5e000 	C:\WINDOWS\System32\shlwapi.dll
0x00007ffad8e00000 - 0x00007ffad8e26000 	C:\WINDOWS\SYSTEM32\profapi.dll
0x00007ffab43c0000 - 0x00007ffab43d9000 	C:\Users\Administrator\.vscode\extensions\redhat.java-1.28.1-win32-x64\jre\17.0.10-win32-x86_64\bin\net.dll
0x00007ffad2a20000 - 0x00007ffad2b57000 	C:\WINDOWS\SYSTEM32\WINHTTP.dll
0x00007ffad83b0000 - 0x00007ffad8419000 	C:\WINDOWS\system32\mswsock.dll
0x00007ffaa8880000 - 0x00007ffaa8896000 	C:\Users\Administrator\.vscode\extensions\redhat.java-1.28.1-win32-x64\jre\17.0.10-win32-x86_64\bin\nio.dll
0x00007ffabc390000 - 0x00007ffabc3a0000 	c:\Users\Administrator\.vscode\extensions\redhat.java-1.28.1-win32-x64\jre\17.0.10-win32-x86_64\bin\verify.dll
0x00007ffacc640000 - 0x00007ffacc67e000 	C:\Users\Administrator\AppData\Roaming\Code\User\globalStorage\redhat.java\1.28.1\config_ss_win\org.eclipse.equinox.launcher\org.eclipse.equinox.launcher.win32.win32.x86_64_1.2.900.v20240129-1338\eclipse_11900.dll
0x00007ffada8d0000 - 0x00007ffadaa70000 	C:\WINDOWS\System32\ole32.dll

dbghelp: loaded successfully - version: 4.0.5 - missing functions: none
symbol engine: initialized successfully - sym options: 0x614 - pdb path: .;c:\Users\Administrator\.vscode\extensions\redhat.java-1.28.1-win32-x64\jre\17.0.10-win32-x86_64\bin;C:\WINDOWS\SYSTEM32;C:\WINDOWS\WinSxS\amd64_microsoft.windows.common-controls_6595b64144ccf1df_6.0.22621.2506_none_270c5ae97388e100;c:\Users\Administrator\.vscode\extensions\redhat.java-1.28.1-win32-x64\jre\17.0.10-win32-x86_64\bin\server;C:\Users\Administrator\AppData\Roaming\Code\User\globalStorage\redhat.java\1.28.1\config_ss_win\org.eclipse.equinox.launcher\org.eclipse.equinox.launcher.win32.win32.x86_64_1.2.900.v20240129-1338

VM Arguments:
jvm_args: --add-modules=ALL-SYSTEM --add-opens=java.base/java.util=ALL-UNNAMED --add-opens=java.base/java.lang=ALL-UNNAMED --add-opens=java.base/sun.nio.fs=ALL-UNNAMED -Declipse.application=org.eclipse.jdt.ls.core.id1 -Dosgi.bundles.defaultStartLevel=4 -Declipse.product=org.eclipse.jdt.ls.core.product -Djava.import.generatesMetadataFilesAtProjectRoot=false -DDetectVMInstallationsJob.disabled=true -Dfile.encoding=utf8 -XX:+UseParallelGC -XX:GCTimeRatio=4 -XX:AdaptiveSizePolicyWeight=90 -Dsun.zip.disableMemoryMapping=true -Xmx1G -Xms100m -Xlog:disable -javaagent:c:\Users\Administrator\.vscode\extensions\redhat.java-1.28.1-win32-x64\lombok\lombok-1.18.31.jar 
java_command: c:\Users\Administrator\.vscode\extensions\redhat.java-1.28.1-win32-x64\server\plugins\org.eclipse.equinox.launcher_1.6.700.v20231214-2017.jar -configuration c:\Users\Administrator\AppData\Roaming\Code\User\globalStorage\redhat.java\1.28.1\config_ss_win -data c:\Users\Administrator\AppData\Roaming\Code\User\workspaceStorage\71a2bcf90e529c1b5ab4b59c704b7c1e\redhat.java\ss_ws --stdio
java_class_path (initial): c:\Users\Administrator\.vscode\extensions\redhat.java-1.28.1-win32-x64\server\plugins\org.eclipse.equinox.launcher_1.6.700.v20231214-2017.jar
Launcher Type: SUN_STANDARD

[Global flags]
    uintx AdaptiveSizePolicyWeight                 = 90                                        {product} {command line}
     intx CICompilerCount                          = 12                                        {product} {ergonomic}
    uintx GCTimeRatio                              = 4                                         {product} {command line}
   size_t InitialHeapSize                          = 104857600                                 {product} {command line}
   size_t MaxHeapSize                              = 1073741824                                {product} {command line}
   size_t MaxNewSize                               = 357564416                                 {product} {ergonomic}
   size_t MinHeapDeltaBytes                        = 524288                                    {product} {ergonomic}
   size_t MinHeapSize                              = 104857600                                 {product} {command line}
   size_t NewSize                                  = 34603008                                  {product} {ergonomic}
    uintx NonNMethodCodeHeapSize                   = 7602480                                {pd product} {ergonomic}
    uintx NonProfiledCodeHeapSize                  = 122027880                              {pd product} {ergonomic}
   size_t OldSize                                  = 70254592                                  {product} {ergonomic}
    uintx ProfiledCodeHeapSize                     = 122027880                              {pd product} {ergonomic}
    uintx ReservedCodeCacheSize                    = 251658240                              {pd product} {ergonomic}
     bool SegmentedCodeCache                       = true                                      {product} {ergonomic}
   size_t SoftMaxHeapSize                          = 1073741824                             {manageable} {ergonomic}
     bool UseCompressedClassPointers               = true                           {product lp64_product} {ergonomic}
     bool UseCompressedOops                        = true                           {product lp64_product} {ergonomic}
     bool UseLargePagesIndividualAllocation        = false                                  {pd product} {ergonomic}
     bool UseParallelGC                            = true                                      {product} {command line}

Logging:
Log output configuration:
 #0: stdout all=off uptime,level,tags
 #1: stderr all=off uptime,level,tags

Environment Variables:
PATH=C:\Program Files\Common Files\Oracle\Java\javapath;C:\Program Files (x86)\Common Files\Oracle\Java\javapath;C:\WINDOWS\system32;C:\WINDOWS;C:\WINDOWS\System32\Wbem;C:\WINDOWS\System32\WindowsPowerShell\v1.0\;C:\WINDOWS\System32\OpenSSH\;C:\Program Files\dotnet\;C:\Program Files\Git\cmd;C:\Users\Administrator\AppData\Local\Microsoft\WindowsApps;C:\flutter_windows_3.19.0-stable\flutter\bin;C:\dart-sdk\bin;C:\Users\Administrator\AppData\Local\Programs\Microsoft VS Code\bin
USERNAME=Administrator
OS=Windows_NT
PROCESSOR_IDENTIFIER=AMD64 Family 25 Model 80 Stepping 0, AuthenticAMD
TMP=C:\Users\ADMINI~1\AppData\Local\Temp
TEMP=C:\Users\ADMINI~1\AppData\Local\Temp



Periodic native trim disabled


---------------  S Y S T E M  ---------------

OS:
 Windows 11 , 64 bit Build 22621 (10.0.22621.3085)
OS uptime: 1 days 4:33 hours
Hyper-V role detected

CPU: total 16 (initial active 16) (16 cores per cpu, 2 threads per core) family 25 model 80 stepping 0 microcode 0x0, cx8, cmov, fxsr, ht, mmx, 3dnowpref, sse, sse2, sse3, ssse3, sse4a, sse4.1, sse4.2, popcnt, lzcnt, tsc, tscinvbit, avx, avx2, aes, erms, clmul, bmi1, bmi2, adx, sha, fma, vzeroupper, clflush, clflushopt, hv
Processor Information for all 16 processors :
  Max Mhz: 3201, Current Mhz: 3201, Mhz Limit: 3201

Memory: 4k page, system-wide physical 15774M (4534M free)
TotalPageFile size 55405M (AvailPageFile size 5M)
current process WorkingSet (physical memory assigned to process): 97M, peak: 97M
current process commit charge ("private bytes"): 228M, peak: 228M

vm_info: OpenJDK 64-Bit Server VM (17.0.10+7) for windows-amd64 JRE (17.0.10+7), built on Jan 16 2024 23:25:11 by "admin" with MS VC++ 16.10 / 16.11 (VS2019)

END.
