#
# There is insufficient memory for the Java Runtime Environment to continue.
# Native memory allocation (mmap) failed to map 260046848 bytes for G1 virtual space
# Possible reasons:
#   The system is out of physical RAM or swap space
#   The process is running with CompressedOops enabled, and the Java Heap may be blocking the growth of the native heap
# Possible solutions:
#   Reduce memory load on the system
#   Increase physical memory or swap space
#   Check if swap backing store is full
#   Decrease Java heap size (-Xmx/-Xms)
#   Decrease number of Java threads
#   Decrease Java thread stack sizes (-Xss)
#   Set larger code cache with -XX:ReservedCodeCacheSize=
#   JVM is running with Zero Based Compressed Oops mode in which the Java heap is
#     placed in the first 32GB address space. The Java Heap base address is the
#     maximum limit for the native heap growth. Please use -XX:HeapBaseMinAddress
#     to set the Java Heap base and to place the Java Heap above 32GB virtual address.
# This output file may be truncated or incomplete.
#
#  Out of Memory Error (os_windows.cpp:3771), pid=3108, tid=2400
#
# JRE version:  (17.0.7) (build )
# Java VM: OpenJDK 64-Bit Server VM (17.0.7+0-b2043.56-10550314, mixed mode, sharing, tiered, compressed oops, compressed class ptrs, g1 gc, windows-amd64)
# No core dump will be written. Minidumps are not enabled by default on client versions of Windows
#

---------------  S U M M A R Y ------------

Command Line: -Dorg.gradle.appname=gradlew org.gradle.wrapper.GradleWrapperMain -q -Ptarget-platform=android-x64 -Ptarget=D:\Am231\flutter_am23\lib\main.dart -Pbase-application-name=android.app.Application -Pdart-defines=RkxVVFRFUl9XRUJfQVVUT19ERVRFQ1Q9dHJ1ZQ==,RkxVVFRFUl9XRUJfQ0FOVkFTS0lUX1VSTD1odHRwczovL3d3dy5nc3RhdGljLmNvbS9mbHV0dGVyLWNhbnZhc2tpdC8wNDgxN2M5OWM5ZmQ0OTU2ZjI3NTA1MjA0ZjdlMzQ0MzM1ODEwYWVkLw== -Pdart-obfuscation=false -Ptrack-widget-creation=true -Ptree-shake-icons=false -Pfilesystem-scheme=org-dartlang-root assembleDebug

Host: AMD Ryzen 7 5800H with Radeon Graphics         , 16 cores, 15G,  Windows 11 , 64 bit Build 22621 (10.0.22621.3374)
Time: Thu May  2 22:47:42 2024 Türkiye Standart Saati elapsed time: 0.052612 seconds (0d 0h 0m 0s)

---------------  T H R E A D  ---------------

Current thread (0x000001ce12fb09d0):  JavaThread "Unknown thread" [_thread_in_vm, id=2400, stack(0x00000092bd500000,0x00000092bd600000)]

Stack: [0x00000092bd500000,0x00000092bd600000]
Native frames: (J=compiled Java code, j=interpreted, Vv=VM code, C=native code)
V  [jvm.dll+0x683bfa]
V  [jvm.dll+0x8430a4]
V  [jvm.dll+0x8449be]
V  [jvm.dll+0x845023]
V  [jvm.dll+0x24ad2f]
V  [jvm.dll+0x680ac9]
V  [jvm.dll+0x67519a]
V  [jvm.dll+0x30b3cb]
V  [jvm.dll+0x312876]
V  [jvm.dll+0x36221e]
V  [jvm.dll+0x36244f]
V  [jvm.dll+0x2e14a8]
V  [jvm.dll+0x2e2414]
V  [jvm.dll+0x814391]
V  [jvm.dll+0x36ffe1]
V  [jvm.dll+0x7f396c]
V  [jvm.dll+0x3f305f]
V  [jvm.dll+0x3f4b91]
C  [jli.dll+0x528f]
C  [ucrtbase.dll+0x29333]
C  [KERNEL32.DLL+0x1257d]
C  [ntdll.dll+0x5aa48]


---------------  P R O C E S S  ---------------

Threads class SMR info:
_java_thread_list=0x00007ffad477d098, length=0, elements={
}

Java Threads: ( => current thread )

Other Threads:
  0x000001ce1301dd70 GCTaskThread "GC Thread#0" [stack: 0x00000092bd600000,0x00000092bd700000] [id=13928]
  0x000001ce1302e230 ConcurrentGCThread "G1 Main Marker" [stack: 0x00000092bd700000,0x00000092bd800000] [id=15368]
  0x000001ce1302eb40 ConcurrentGCThread "G1 Conc#0" [stack: 0x00000092bd800000,0x00000092bd900000] [id=4280]

[error occurred during error reporting (printing all threads), id 0xc0000005, EXCEPTION_ACCESS_VIOLATION (0xc0000005) at pc=0x00007ffad3f32087]

VM state: not at safepoint (not fully initialized)

VM Mutex/Monitor currently owned by a thread:  ([mutex/lock_event])
[0x000001ce12fac980] Heap_lock - owner thread: 0x000001ce12fb09d0

Heap address: 0x0000000709800000, size: 3944 MB, Compressed Oops mode: Zero based, Oop shift amount: 3

CDS archive(s) mapped at: [0x0000000000000000-0x0000000000000000-0x0000000000000000), size 0, SharedBaseAddress: 0x0000000800000000, ArchiveRelocationMode: 0.
Narrow klass base: 0x0000000000000000, Narrow klass shift: 0, Narrow klass range: 0x0

GC Precious Log:
<Empty>

Heap:
 garbage-first heap   total 0K, used 0K [0x0000000709800000, 0x0000000800000000)
  region size 2048K, 0 young (0K), 0 survivors (0K)
 Metaspace       used 0K, committed 0K, reserved 0K
  class space    used 0K, committed 0K, reserved 0K

Heap Regions: E=young(eden), S=young(survivor), O=old, HS=humongous(starts), HC=humongous(continues), CS=collection set, F=free, OA=open archive, CA=closed archive, TAMS=top-at-mark-start (previous, next)

Card table byte_map: [0x000001ce283f0000,0x000001ce28bb0000] _byte_map_base: 0x000001ce24ba4000

Marking Bits (Prev, Next): (CMBitMap*) 0x000001ce1301e280, (CMBitMap*) 0x000001ce1301e2c0
 Prev Bits: [0x000001ce29370000, 0x000001ce2d110000)
 Next Bits: [0x000001ce2d110000, 0x000001ce30eb0000)

GC Heap History (0 events):
No events

Dll operation events (1 events):
Event: 0.015 Loaded shared library C:\Program Files\Android\Android Studio\jbr\bin\java.dll

Deoptimization events (0 events):
No events

Classes unloaded (0 events):
No events

Classes redefined (0 events):
No events

Internal exceptions (0 events):
No events

VM Operations (0 events):
No events

Events (0 events):
No events


Dynamic libraries:
0x00007ff61b880000 - 0x00007ff61b88a000 	C:\Program Files\Android\Android Studio\jbr\bin\java.exe
0x00007ffb6da30000 - 0x00007ffb6dc46000 	C:\WINDOWS\SYSTEM32\ntdll.dll
0x00007ffb6bc50000 - 0x00007ffb6bd14000 	C:\WINDOWS\System32\KERNEL32.DLL
0x00007ffb6b030000 - 0x00007ffb6b3d7000 	C:\WINDOWS\System32\KERNELBASE.dll
0x00007ffb6b640000 - 0x00007ffb6b751000 	C:\WINDOWS\System32\ucrtbase.dll
0x00007ffb05440000 - 0x00007ffb05457000 	C:\Program Files\Android\Android Studio\jbr\bin\jli.dll
0x00007ffb1a5e0000 - 0x00007ffb1a5fb000 	C:\Program Files\Android\Android Studio\jbr\bin\VCRUNTIME140.dll
0x00007ffb6ca50000 - 0x00007ffb6cbfe000 	C:\WINDOWS\System32\USER32.dll
0x00007ffb56530000 - 0x00007ffb567c3000 	C:\WINDOWS\WinSxS\amd64_microsoft.windows.common-controls_6595b64144ccf1df_6.0.22621.3235_none_270f74e173860f98\COMCTL32.dll
0x00007ffb6ae10000 - 0x00007ffb6ae36000 	C:\WINDOWS\System32\win32u.dll
0x00007ffb6d940000 - 0x00007ffb6d9e7000 	C:\WINDOWS\System32\msvcrt.dll
0x00007ffb6b920000 - 0x00007ffb6b949000 	C:\WINDOWS\System32\GDI32.dll
0x00007ffb6af10000 - 0x00007ffb6b029000 	C:\WINDOWS\System32\gdi32full.dll
0x00007ffb6ae70000 - 0x00007ffb6af0a000 	C:\WINDOWS\System32\msvcp_win.dll
0x00007ffb6bf30000 - 0x00007ffb6bf61000 	C:\WINDOWS\System32\IMM32.DLL
0x00007ffb3c7d0000 - 0x00007ffb3c7dc000 	C:\Program Files\Android\Android Studio\jbr\bin\vcruntime140_1.dll
0x00007ffb1a550000 - 0x00007ffb1a5dd000 	C:\Program Files\Android\Android Studio\jbr\bin\msvcp140.dll
0x00007ffad3c40000 - 0x00007ffad48c0000 	C:\Program Files\Android\Android Studio\jbr\bin\server\jvm.dll
0x00007ffb6bd20000 - 0x00007ffb6bdd2000 	C:\WINDOWS\System32\ADVAPI32.dll
0x00007ffb6be80000 - 0x00007ffb6bf28000 	C:\WINDOWS\System32\sechost.dll
0x00007ffb6ae40000 - 0x00007ffb6ae68000 	C:\WINDOWS\System32\bcrypt.dll
0x00007ffb6d470000 - 0x00007ffb6d585000 	C:\WINDOWS\System32\RPCRT4.dll
0x00007ffb4e920000 - 0x00007ffb4e929000 	C:\WINDOWS\SYSTEM32\WSOCK32.dll
0x00007ffb5fef0000 - 0x00007ffb5fefa000 	C:\WINDOWS\SYSTEM32\VERSION.dll
0x00007ffb625f0000 - 0x00007ffb62624000 	C:\WINDOWS\SYSTEM32\WINMM.dll
0x00007ffb6bde0000 - 0x00007ffb6be51000 	C:\WINDOWS\System32\WS2_32.dll
0x00007ffb69d50000 - 0x00007ffb69d68000 	C:\WINDOWS\SYSTEM32\kernel.appcore.dll
0x00007ffb63640000 - 0x00007ffb6364a000 	C:\Program Files\Android\Android Studio\jbr\bin\jimage.dll
0x00007ffb68230000 - 0x00007ffb68463000 	C:\WINDOWS\SYSTEM32\DBGHELP.DLL
0x00007ffb6d590000 - 0x00007ffb6d918000 	C:\WINDOWS\System32\combase.dll
0x00007ffb6c970000 - 0x00007ffb6ca47000 	C:\WINDOWS\System32\OLEAUT32.dll
0x00007ffb5ff10000 - 0x00007ffb5ff42000 	C:\WINDOWS\SYSTEM32\dbgcore.DLL
0x00007ffb6b5c0000 - 0x00007ffb6b639000 	C:\WINDOWS\System32\bcryptPrimitives.dll
0x00007ffb12dc0000 - 0x00007ffb12de5000 	C:\Program Files\Android\Android Studio\jbr\bin\java.dll

dbghelp: loaded successfully - version: 4.0.5 - missing functions: none
symbol engine: initialized successfully - sym options: 0x614 - pdb path: .;C:\Program Files\Android\Android Studio\jbr\bin;C:\WINDOWS\SYSTEM32;C:\WINDOWS\WinSxS\amd64_microsoft.windows.common-controls_6595b64144ccf1df_6.0.22621.3235_none_270f74e173860f98;C:\Program Files\Android\Android Studio\jbr\bin\server

VM Arguments:
jvm_args: -Dorg.gradle.appname=gradlew 
java_command: org.gradle.wrapper.GradleWrapperMain -q -Ptarget-platform=android-x64 -Ptarget=D:\Am231\flutter_am23\lib\main.dart -Pbase-application-name=android.app.Application -Pdart-defines=RkxVVFRFUl9XRUJfQVVUT19ERVRFQ1Q9dHJ1ZQ==,RkxVVFRFUl9XRUJfQ0FOVkFTS0lUX1VSTD1odHRwczovL3d3dy5nc3RhdGljLmNvbS9mbHV0dGVyLWNhbnZhc2tpdC8wNDgxN2M5OWM5ZmQ0OTU2ZjI3NTA1MjA0ZjdlMzQ0MzM1ODEwYWVkLw== -Pdart-obfuscation=false -Ptrack-widget-creation=true -Ptree-shake-icons=false -Pfilesystem-scheme=org-dartlang-root assembleDebug
java_class_path (initial): D:\Am231\flutter_am23\android\\gradle\wrapper\gradle-wrapper.jar
Launcher Type: SUN_STANDARD

[Global flags]
     intx CICompilerCount                          = 12                                        {product} {ergonomic}
     uint ConcGCThreads                            = 3                                         {product} {ergonomic}
     uint G1ConcRefinementThreads                  = 13                                        {product} {ergonomic}
   size_t G1HeapRegionSize                         = 2097152                                   {product} {ergonomic}
    uintx GCDrainStackTargetSize                   = 64                                        {product} {ergonomic}
   size_t InitialHeapSize                          = 260046848                                 {product} {ergonomic}
   size_t MarkStackSize                            = 4194304                                   {product} {ergonomic}
   size_t MaxHeapSize                              = 4135583744                                {product} {ergonomic}
   size_t MinHeapDeltaBytes                        = 2097152                                   {product} {ergonomic}
   size_t MinHeapSize                              = 8388608                                   {product} {ergonomic}
    uintx NonNMethodCodeHeapSize                   = 7602480                                {pd product} {ergonomic}
    uintx NonProfiledCodeHeapSize                  = 122027880                              {pd product} {ergonomic}
    uintx ProfiledCodeHeapSize                     = 122027880                              {pd product} {ergonomic}
    uintx ReservedCodeCacheSize                    = 251658240                              {pd product} {ergonomic}
     bool SegmentedCodeCache                       = true                                      {product} {ergonomic}
   size_t SoftMaxHeapSize                          = 4135583744                             {manageable} {ergonomic}
     bool UseCompressedClassPointers               = true                           {product lp64_product} {ergonomic}
     bool UseCompressedOops                        = true                           {product lp64_product} {ergonomic}
     bool UseG1GC                                  = true                                      {product} {ergonomic}
     bool UseLargePagesIndividualAllocation        = false                                  {pd product} {ergonomic}

Logging:
Log output configuration:
 #0: stdout all=warning uptime,level,tags
 #1: stderr all=off uptime,level,tags

Environment Variables:
JAVA_HOME=C:\Program Files\Android\Android Studio\jbr
CLASSPATH=D:\Am231\flutter_am23\android\\gradle\wrapper\gradle-wrapper.jar
PATH=C:\Program Files\Android\Android Studio\jbr\bin;C:\Program Files\Common Files\Oracle\Java\javapath;C:\Program Files (x86)\Common Files\Oracle\Java\javapath;C:\WINDOWS\system32;C:\WINDOWS;C:\WINDOWS\System32\Wbem;C:\WINDOWS\System32\WindowsPowerShell\v1.0\;C:\WINDOWS\System32\OpenSSH\;C:\Program Files\dotnet\;C:\Program Files\Git\cmd;C:\Program Files (x86)\NVIDIA Corporation\PhysX\Common;C:\Program Files\NVIDIA Corporation\NVIDIA NvDLISR;C:\Users\Administrator\AppData\Local\Microsoft\WindowsApps;C:\flutter_windows_3.19.0-stable\flutter\bin;C:\dart-sdk\bin;C:\Users\Administrator\AppData\Local\Programs\Microsoft VS Code\bin;C:\flutter_windows_3.19.0-stable\flutter\bin\mingit\cmd;C:\flutter_windows_3.19.0-stable\flutter\bin\mingit\cmd
USERNAME=Administrator
OS=Windows_NT
PROCESSOR_IDENTIFIER=AMD64 Family 25 Model 80 Stepping 0, AuthenticAMD
TMP=C:\Users\ADMINI~1\AppData\Local\Temp
TEMP=C:\Users\ADMINI~1\AppData\Local\Temp


JNI global refs:
JNI global refs: 0, weak refs: 0

JNI global refs memory usage: 0, weak refs: 0

OOME stack traces (most recent first):
Classloader memory used:


---------------  S Y S T E M  ---------------

OS:
 Windows 11 , 64 bit Build 22621 (10.0.22621.3374)
OS uptime: 0 days 23:22 hours
Hyper-V role detected

CPU: total 16 (initial active 16) (16 cores per cpu, 2 threads per core) family 25 model 80 stepping 0 microcode 0x0, cx8, cmov, fxsr, ht, mmx, 3dnowpref, sse, sse2, sse3, ssse3, sse4a, sse4.1, sse4.2, popcnt, lzcnt, tsc, tscinvbit, avx, avx2, aes, erms, clmul, bmi1, bmi2, adx, sha, fma, vzeroupper, clflush, clflushopt, hv

Memory: 4k page, system-wide physical 15774M (1308M free)
TotalPageFile size 55391M (AvailPageFile size 44M)
current process WorkingSet (physical memory assigned to process): 11M, peak: 11M
current process commit charge ("private bytes"): 70M, peak: 318M

vm_info: OpenJDK 64-Bit Server VM (17.0.7+0-b2043.56-10550314) for windows-amd64 JRE (17.0.7+0-b2043.56-10550314), built on Jul 24 2023 18:27:45 by "androidbuild" with MS VC++ 16.10 / 16.11 (VS2019)

END.
